2023-02-13 19:48:07,162 - mfa - DEBUG - Beginning run for corpus2
2023-02-13 19:48:07,162 - mfa - DEBUG - Using "global" profile
2023-02-13 19:48:07,162 - mfa - DEBUG - Using multiprocessing with 3
2023-02-13 19:48:07,162 - mfa - DEBUG - Set up logger for MFA version: 2.1.2
2023-02-13 19:48:07,329 - mfa - DEBUG - There were some differences in the current run compared to the last one. This may cause issues, run with --clean, if you hit an error.
2023-02-13 19:48:07,329 - mfa - WARNING - The acoustic model was trained in an earlier version of MFA. There may be incompatibilities in feature generation that cause errors. Please download the latest version of the model via `mfa model download`, use a different acoustic model, or use version 2.0.6 of MFA.
2023-02-13 19:48:07,351 - mfa - DEBUG - Using ARPA
2023-02-13 19:48:34,545 - mfa - DEBUG - Loaded dictionary in 27.194 seconds
2023-02-13 19:48:34,553 - mfa - INFO - Setting up corpus information...
2023-02-13 19:48:34,553 - mfa - DEBUG - Could not load from temp
2023-02-13 19:48:34,553 - mfa - INFO - Loading corpus from source files...
2023-02-13 19:48:35,577 - mfa - DEBUG - Processing queue: 0.022967355999998773
2023-02-13 19:48:35,591 - mfa - DEBUG - Parsed corpus directory with 3 jobs in 0.029940515999999917 seconds
2023-02-13 19:48:35,596 - mfa - INFO - Found 1 speaker across 1 file, average number of utterances per speaker: 1.0
2023-02-13 19:48:35,597 - mfa - DEBUG - Loaded corpus in 1.051 seconds
2023-02-13 19:48:35,598 - mfa - INFO - Initializing multiprocessing jobs...
2023-02-13 19:48:35,598 - mfa - WARNING - Number of jobs was specified as 3, but due to only having 1 speakers, MFA will only use 1 jobs. Use the --single_speaker flag if you would like to split utterances across jobs regardless of their speaker.
2023-02-13 19:48:35,605 - mfa - DEBUG - Initialized jobs in 0.009 seconds
2023-02-13 19:48:35,607 - mfa - INFO - Normalizing text...
2023-02-13 19:48:42,457 - mfa - DEBUG - Wrote lexicon information in 2.322 seconds
2023-02-13 19:48:42,459 - mfa - INFO - Creating corpus split for feature generation...
2023-02-13 19:48:43,491 - mfa - DEBUG - Created corpus split directory in 1.033 seconds
2023-02-13 19:48:43,494 - mfa - INFO - Generating MFCCs...
2023-02-13 19:48:44,531 - mfa - DEBUG - Generating MFCCs took 1.037 seconds
2023-02-13 19:48:44,531 - mfa - INFO - Calculating CMVN...
2023-02-13 19:48:44,548 - mfa - INFO - Generating final features...
2023-02-13 19:48:45,584 - mfa - DEBUG - Generating final features took 1.036 seconds
2023-02-13 19:48:45,588 - mfa - INFO - Creating corpus split with features...
2023-02-13 19:48:47,224 - mfa - DEBUG - Generated features in 3.733 seconds
2023-02-13 19:48:47,224 - mfa - DEBUG - Setting up corpus took 39.873 seconds
2023-02-13 19:48:47,225 - mfa - DEBUG - 
2023-02-13 19:48:47,225 - mfa - DEBUG - ====ACOUSTIC MODEL INFO====
2023-02-13 19:48:47,225 - mfa - DEBUG - Acoustic model root directory: /home/Mark/Documents/MFA/extracted_models/acoustic
2023-02-13 19:48:47,225 - mfa - DEBUG - Acoustic model dirname: /home/Mark/Documents/MFA/extracted_models/acoustic/english_us_arpa_acoustic
2023-02-13 19:48:47,225 - mfa - DEBUG - Acoustic model meta path: /home/Mark/Documents/MFA/extracted_models/acoustic/english_us_arpa_acoustic/meta.json
2023-02-13 19:48:47,225 - mfa - DEBUG - Acoustic model meta information:
2023-02-13 19:48:47,231 - mfa - DEBUG - architecture: gmm-hmm
features:
  allow_downsample: true
  allow_upsample: true
  delta_pitch: 0.005
  feature_type: mfcc
  frame_length: 25
  frame_shift: 10
  high_frequency: 7800
  low_frequency: 20
  max_f0: 500
  min_f0: 50
  penalty_factor: 0.1
  sample_frequency: 16000
  snip_edges: true
  use_energy: false
  use_pitch: false
  uses_cmvn: true
  uses_deltas: false
  uses_speaker_adaptation: true
  uses_splices: true
  uses_voiced: false
final_non_silence_correction: 0.01
final_silence_correction: 2.52
initial_silence_probability: 0.17
oov_phone: spn
optional_silence_phone: sil
phone_set_type: ARPA
phone_type: triphone
phones: !!set
  AA: null
  AA0: null
  AA1: null
  AA2: null
  AE: null
  AE0: null
  AE1: null
  AE2: null
  AH: null
  AH0: null
  AH1: null
  AH2: null
  AO: null
  AO0: null
  AO1: null
  AO2: null
  AW: null
  AW0: null
  AW1: null
  AW2: null
  AY: null
  AY0: null
  AY1: null
  AY2: null
  B: null
  CH: null
  D: null
  DH: null
  EH: null
  EH0: null
  EH1: null
  EH2: null
  ER: null
  ER0: null
  ER1: null
  ER2: null
  EY: null
  EY0: null
  EY1: null
  EY2: null
  F: null
  G: null
  HH: null
  IH: null
  IH0: null
  IH1: null
  IH2: null
  IY: null
  IY0: null
  IY1: null
  IY2: null
  JH: null
  K: null
  L: null
  M: null
  N: null
  NG: null
  OW: null
  OW0: null
  OW1: null
  OW2: null
  OY: null
  OY0: null
  OY1: null
  OY2: null
  P: null
  R: null
  S: null
  SH: null
  T: null
  TH: null
  UH: null
  UH0: null
  UH1: null
  UH2: null
  UW: null
  UW0: null
  UW1: null
  UW2: null
  V: null
  W: null
  Y: null
  Z: null
  ZH: null
silence_probability: 0.17479931715231248
train_date: '2022-05-11 11:19:39.314871'
training:
  audio_duration: 3535789.7961249864
  average_log_likelihood: -0.005016351709420847
  num_oovs: 0
  num_speakers: 2484
  num_utterances: 292326
version: 2.0.0rc4.dev19+ged818cb.d20220404

2023-02-13 19:48:47,232 - mfa - DEBUG - 
2023-02-13 19:48:47,232 - mfa - DEBUG - Setup for alignment in 39.903 seconds
2023-02-13 19:48:47,423 - mfa - INFO - Compiling training graphs...
2023-02-13 19:48:48,479 - mfa - DEBUG - Compiling training graphs took 1.056 seconds
2023-02-13 19:48:48,480 - mfa - INFO - Performing first-pass alignment...
2023-02-13 19:48:48,480 - mfa - INFO - Generating alignments...
2023-02-13 19:48:49,677 - mfa - DEBUG - Alignment round took 1.197 seconds
2023-02-13 19:48:49,677 - mfa - INFO - Calculating fMLLR for speaker adaptation...
2023-02-13 19:48:50,795 - mfa - DEBUG - Fmllr calculation took 1.117 seconds
2023-02-13 19:48:50,795 - mfa - INFO - Performing second-pass alignment...
2023-02-13 19:48:50,796 - mfa - INFO - Generating alignments...
2023-02-13 19:48:51,996 - mfa - DEBUG - Alignment round took 1.201 seconds
2023-02-13 19:48:52,003 - mfa - INFO - Collecting phone and word alignments from alignment lattices...
2023-02-13 19:48:55,517 - mfa - DEBUG - Average per frame likelihood for alignment: -43.96489999999999
2023-02-13 19:48:55,517 - mfa - DEBUG - Compiling information took 1.024 seconds
2023-02-13 19:48:55,519 - mfa - DEBUG - Generated alignments in 8.279 seconds
2023-02-13 19:48:55,520 - mfa - INFO - Exporting alignment TextGrids to data/corpus2_aligned...
2023-02-13 19:48:57,541 - mfa - INFO - Finished exporting TextGrids to data/corpus2_aligned!
2023-02-13 19:48:57,541 - mfa - DEBUG - Exported TextGrids in a total of 2.020 seconds
2023-02-13 19:48:57,542 - mfa - INFO - Done! Everything took 50.381 seconds
2023-02-13 19:51:39,238 - mfa - DEBUG - Beginning run for corpus2
2023-02-13 19:51:39,238 - mfa - DEBUG - Using "global" profile
2023-02-13 19:51:39,238 - mfa - DEBUG - Using multiprocessing with 3
2023-02-13 19:51:39,238 - mfa - DEBUG - Set up logger for MFA version: 2.1.2
2023-02-13 19:51:39,403 - mfa - INFO - Alignment already done, skipping.
2023-02-13 19:51:39,404 - mfa - INFO - Exporting alignment TextGrids to data/corpus22_aligned...
2023-02-13 19:51:41,432 - mfa - INFO - Finished exporting TextGrids to data/corpus22_aligned!
2023-02-13 19:51:41,432 - mfa - DEBUG - Exported TextGrids in a total of 2.028 seconds
2023-02-13 19:51:41,432 - mfa - INFO - Done! Everything took 2.196 seconds
2023-02-13 19:52:04,672 - mfa - DEBUG - Beginning run for corpus2
2023-02-13 19:52:04,672 - mfa - DEBUG - Using "global" profile
2023-02-13 19:52:04,672 - mfa - DEBUG - Using multiprocessing with 3
2023-02-13 19:52:04,672 - mfa - DEBUG - Set up logger for MFA version: 2.1.2
2023-02-13 19:52:04,837 - mfa - INFO - Alignment already done, skipping.
2023-02-13 19:52:04,838 - mfa - INFO - Exporting alignment TextGrids to data/corpus22_aligned...
2023-02-13 19:52:06,865 - mfa - INFO - Finished exporting TextGrids to data/corpus22_aligned!
2023-02-13 19:52:06,865 - mfa - DEBUG - Exported TextGrids in a total of 2.027 seconds
2023-02-13 19:52:06,866 - mfa - INFO - Done! Everything took 2.195 seconds
2023-02-13 20:19:20,417 - mfa - DEBUG - Beginning run for corpus2
2023-02-13 20:19:20,417 - mfa - DEBUG - Using "global" profile
2023-02-13 20:19:20,417 - mfa - DEBUG - Using multiprocessing with 3
2023-02-13 20:19:20,417 - mfa - DEBUG - Set up logger for MFA version: 2.1.2
2023-02-13 20:19:20,584 - mfa - INFO - Alignment already done, skipping.
2023-02-13 20:19:20,584 - mfa - INFO - Exporting alignment TextGrids to data/corpus22_aligned...
2023-02-13 20:19:22,613 - mfa - INFO - Finished exporting TextGrids to data/corpus22_aligned!
2023-02-13 20:19:22,613 - mfa - DEBUG - Exported TextGrids in a total of 2.028 seconds
2023-02-13 20:19:22,614 - mfa - INFO - Done! Everything took 2.198 seconds
2023-02-14 21:52:02,382 - mfa - DEBUG - Beginning run for corpus2
2023-02-14 21:52:02,382 - mfa - DEBUG - Using "global" profile
2023-02-14 21:52:02,382 - mfa - DEBUG - Using multiprocessing with 3
2023-02-14 21:52:02,382 - mfa - DEBUG - Set up logger for MFA version: 2.1.2
2023-02-14 21:52:02,628 - mfa - INFO - Alignment already done, skipping.
2023-02-14 21:52:02,628 - mfa - INFO - Exporting alignment TextGrids to data/corpus22_aligned...
2023-02-14 21:52:04,706 - mfa - INFO - Finished exporting TextGrids to data/corpus22_aligned!
2023-02-14 21:52:04,706 - mfa - DEBUG - Exported TextGrids in a total of 2.077 seconds
2023-02-14 21:52:04,706 - mfa - INFO - Done! Everything took 2.326 seconds
2023-02-14 21:53:40,414 - mfa - DEBUG - Beginning run for corpus2
2023-02-14 21:53:40,414 - mfa - DEBUG - Using "global" profile
2023-02-14 21:53:40,414 - mfa - DEBUG - Using multiprocessing with 3
2023-02-14 21:53:40,414 - mfa - DEBUG - Set up logger for MFA version: 2.1.2
2023-02-14 21:53:40,576 - mfa - INFO - Alignment already done, skipping.
2023-02-14 21:53:40,577 - mfa - INFO - Exporting alignment TextGrids to data/corpus22_aligned...
2023-02-14 21:53:42,649 - mfa - INFO - Finished exporting TextGrids to data/corpus22_aligned!
2023-02-14 21:53:42,649 - mfa - DEBUG - Exported TextGrids in a total of 2.072 seconds
2023-02-14 21:53:42,650 - mfa - INFO - Done! Everything took 2.237 seconds
2023-02-14 21:54:03,644 - mfa - DEBUG - Beginning run for corpus2
2023-02-14 21:54:03,644 - mfa - DEBUG - Using "global" profile
2023-02-14 21:54:03,644 - mfa - DEBUG - Using multiprocessing with 3
2023-02-14 21:54:03,644 - mfa - DEBUG - Set up logger for MFA version: 2.1.2
2023-02-14 21:54:03,809 - mfa - INFO - Alignment already done, skipping.
2023-02-14 21:54:03,810 - mfa - INFO - Exporting alignment TextGrids to data/corpus22_aligned...
2023-02-14 21:54:05,880 - mfa - INFO - Finished exporting TextGrids to data/corpus22_aligned!
2023-02-14 21:54:05,880 - mfa - DEBUG - Exported TextGrids in a total of 2.070 seconds
2023-02-14 21:54:05,880 - mfa - INFO - Done! Everything took 2.238 seconds
2023-02-14 21:55:31,375 - mfa - DEBUG - Beginning run for corpus2
2023-02-14 21:55:31,375 - mfa - DEBUG - Using "global" profile
2023-02-14 21:55:31,375 - mfa - DEBUG - Using multiprocessing with 3
2023-02-14 21:55:31,375 - mfa - DEBUG - Set up logger for MFA version: 2.1.2
2023-02-14 21:55:31,539 - mfa - INFO - Alignment already done, skipping.
2023-02-14 21:55:31,540 - mfa - INFO - Exporting alignment TextGrids to data/corpus22_aligned...
2023-02-14 21:55:33,613 - mfa - INFO - Finished exporting TextGrids to data/corpus22_aligned!
2023-02-14 21:55:33,613 - mfa - DEBUG - Exported TextGrids in a total of 2.073 seconds
2023-02-14 21:55:33,613 - mfa - INFO - Done! Everything took 2.240 seconds
2023-02-14 21:55:48,126 - mfa - DEBUG - Beginning run for corpus2
2023-02-14 21:55:48,126 - mfa - DEBUG - Using "global" profile
2023-02-14 21:55:48,126 - mfa - DEBUG - Using multiprocessing with 3
2023-02-14 21:55:48,126 - mfa - DEBUG - Set up logger for MFA version: 2.1.2
2023-02-14 21:55:48,290 - mfa - INFO - Alignment already done, skipping.
2023-02-14 21:55:48,291 - mfa - INFO - Exporting alignment TextGrids to data/corpus22_aligned...
2023-02-14 21:55:50,364 - mfa - INFO - Finished exporting TextGrids to data/corpus22_aligned!
2023-02-14 21:55:50,364 - mfa - DEBUG - Exported TextGrids in a total of 2.073 seconds
2023-02-14 21:55:50,365 - mfa - INFO - Done! Everything took 2.240 seconds
2023-02-14 21:56:46,232 - mfa - DEBUG - Beginning run for corpus2
2023-02-14 21:56:46,232 - mfa - DEBUG - Using "global" profile
2023-02-14 21:56:46,232 - mfa - DEBUG - Using multiprocessing with 3
2023-02-14 21:56:46,232 - mfa - DEBUG - Set up logger for MFA version: 2.1.2
2023-02-14 21:56:46,398 - mfa - INFO - Alignment already done, skipping.
2023-02-14 21:56:46,398 - mfa - INFO - Exporting alignment TextGrids to data/corpus22_aligned...
2023-02-14 21:56:48,473 - mfa - INFO - Finished exporting TextGrids to data/corpus22_aligned!
2023-02-14 21:56:48,473 - mfa - DEBUG - Exported TextGrids in a total of 2.074 seconds
2023-02-14 21:56:48,473 - mfa - INFO - Done! Everything took 2.242 seconds
2023-02-14 22:02:39,674 - mfa - DEBUG - Beginning run for corpus2
2023-02-14 22:02:39,674 - mfa - DEBUG - Using "global" profile
2023-02-14 22:02:39,674 - mfa - DEBUG - Using multiprocessing with 3
2023-02-14 22:02:39,674 - mfa - DEBUG - Set up logger for MFA version: 2.1.2
2023-02-14 22:02:39,838 - mfa - INFO - Alignment already done, skipping.
2023-02-14 22:02:39,839 - mfa - INFO - Exporting alignment TextGrids to data/corpus22_aligned...
2023-02-14 22:02:41,913 - mfa - INFO - Finished exporting TextGrids to data/corpus22_aligned!
2023-02-14 22:02:41,913 - mfa - DEBUG - Exported TextGrids in a total of 2.074 seconds
2023-02-14 22:02:41,914 - mfa - INFO - Done! Everything took 2.241 seconds
2023-02-14 22:05:32,635 - mfa - DEBUG - Beginning run for corpus2
2023-02-14 22:05:32,635 - mfa - DEBUG - Using "global" profile
2023-02-14 22:05:32,635 - mfa - DEBUG - Using multiprocessing with 3
2023-02-14 22:05:32,635 - mfa - DEBUG - Set up logger for MFA version: 2.1.2
2023-02-14 22:05:32,798 - mfa - INFO - Alignment already done, skipping.
2023-02-14 22:05:32,799 - mfa - INFO - Exporting alignment TextGrids to data/corpus22_aligned...
2023-02-14 22:05:34,870 - mfa - INFO - Finished exporting TextGrids to data/corpus22_aligned!
2023-02-14 22:05:34,871 - mfa - DEBUG - Exported TextGrids in a total of 2.071 seconds
2023-02-14 22:05:34,871 - mfa - INFO - Done! Everything took 2.238 seconds
